<?xml version="1.0" encoding="UTF-8"?>
<!-- Generated by org.testng.reporters.JUnitReportReporter -->
<testsuite hostname="FARHAN" failures="0" tests="1" name="com.TestNGsenario.Grouping" time="0.006" errors="0" timestamp="2020-11-22T23:28:21 EST" skipped="0">
  <testcase classname="com.TestNGsenario.Grouping" name="smoketesting" time="0.006"/>
  <system-out/>
</testsuite> <!-- com.TestNGsenario.Grouping -->
