<?xml version="1.0" encoding="UTF-8"?>
<!-- Generated by org.testng.reporters.JUnitReportReporter -->
<testsuite hostname="FARHAN" failures="0" tests="1" name="com.TestNGsenario.Grouping" time="0.008" errors="0" timestamp="2020-12-07T01:22:27 EST" skipped="0">
  <testcase classname="com.TestNGsenario.Grouping" name="smoketesting" time="0.008"/>
  <system-out/>
</testsuite> <!-- com.TestNGsenario.Grouping -->
