<?xml version="1.0" encoding="UTF-8"?>
<!-- Generated by org.testng.reporters.JUnitReportReporter -->
<testsuite hostname="FARHAN" failures="0" tests="2" name="com.practice.java.TestingJavaMainWithTestNG" time="0.009" errors="0" timestamp="2020-11-27T18:35:02 EST" skipped="0">
  <testcase classname="com.practice.java.TestingJavaMainWithTestNG" name="getTest" time="0.009"/>
  <system-out/>
  <testcase classname="com.practice.java.TestingJavaMainWithTestNG" name="getTest" time="0.000"/>
  <system-out/>
</testsuite> <!-- com.practice.java.TestingJavaMainWithTestNG -->
