<?xml version="1.0" encoding="UTF-8"?>
<!-- Generated by org.testng.reporters.JUnitReportReporter -->
<testsuite hostname="FARHAN" failures="0" tests="3" name="com.TestNGsenario.DependsOnMethod" time="0.009" errors="0" timestamp="2020-12-11T20:52:07 EST" skipped="0">
  <testcase classname="com.TestNGsenario.DependsOnMethod" name="get2" time="0.001"/>
  <system-out/>
  <testcase classname="com.TestNGsenario.DependsOnMethod" name="get3" time="0.007"/>
  <system-out/>
  <testcase classname="com.TestNGsenario.DependsOnMethod" name="get1" time="0.001"/>
  <system-out/>
</testsuite> <!-- com.TestNGsenario.DependsOnMethod -->
