<?xml version="1.0" encoding="UTF-8"?>
<!-- Generated by org.testng.reporters.JUnitReportReporter -->
<testsuite hostname="FARHAN" failures="0" tests="1" name="com.TestExecution.SmokeTestingWithTestNG" time="2.523" errors="0" timestamp="2020-12-06T23:52:11 EST" skipped="0">
  <testcase classname="com.TestExecution.SmokeTestingWithTestNG" name="getTest" time="2.523"/>
  <system-out/>
</testsuite> <!-- com.TestExecution.SmokeTestingWithTestNG -->
