<?xml version="1.0" encoding="UTF-8"?>
<!-- Generated by org.testng.reporters.JUnitReportReporter -->
<testsuite hostname="FARHAN" failures="0" tests="2" name="com.TestNGsenario.Priority" time="0.007" errors="0" timestamp="2020-12-11T20:44:05 EST" skipped="0">
  <testcase classname="com.TestNGsenario.Priority" name="BrowserOpen" time="0.006"/>
  <system-out/>
  <testcase classname="com.TestNGsenario.Priority" name="BrowserClose" time="0.001"/>
  <system-out/>
</testsuite> <!-- com.TestNGsenario.Priority -->
