<?xml version="1.0" encoding="UTF-8"?>
<!-- Generated by org.testng.reporters.JUnitReportReporter -->
<testsuite hostname="FARHAN" failures="0" tests="1" name="com.runner.phpLoginRunnerFile" time="10.173" errors="0" timestamp="2021-01-01T20:34:23 EST" skipped="0">
  <testcase classname="com.runner.phpLoginRunnerFile" name="runScenario" time="10.173"/>
  <system-out/>
</testsuite> <!-- com.runner.phpLoginRunnerFile -->
