<?xml version="1.0" encoding="UTF-8"?>
<!-- Generated by org.testng.reporters.JUnitReportReporter -->
<testsuite hostname="FARHAN" failures="0" tests="1" name="com.TestExecution.NewTest" time="0.008" errors="0" timestamp="2020-11-20T18:38:22 EST" skipped="0">
  <testcase classname="com.TestExecution.NewTest" name="f" time="0.008"/>
  <system-out/>
</testsuite> <!-- com.TestExecution.NewTest -->
