<?xml version="1.0" encoding="UTF-8"?>
<!-- Generated by org.testng.reporters.JUnitReportReporter -->
<testsuite hostname="FARHAN" failures="0" tests="1" name="com.TestExecution.SmokeTestingWithTestNG" time="2.511" errors="0" timestamp="2020-11-29T11:19:29 EST" skipped="0">
  <testcase classname="com.TestExecution.SmokeTestingWithTestNG" name="getTest" time="2.511"/>
  <system-out/>
</testsuite> <!-- com.TestExecution.SmokeTestingWithTestNG -->
