<?xml version="1.0" encoding="UTF-8"?>
<!-- Generated by org.testng.reporters.JUnitReportReporter -->
<testsuite hostname="FARHAN" failures="0" tests="1" name="com.runner.phpLoginRunnerFile" time="11.505" errors="0" timestamp="2020-11-29T13:57:31 EST" skipped="0">
  <testcase classname="com.runner.phpLoginRunnerFile" name="runScenario" time="11.505"/>
  <system-out/>
</testsuite> <!-- com.runner.phpLoginRunnerFile -->
