<?xml version="1.0" encoding="UTF-8"?>
<!-- Generated by org.testng.reporters.JUnitReportReporter -->
<testsuite hostname="FARHAN" failures="0" tests="2" name="com.TestNGsenario.DependsOnMethod" time="0.007" errors="0" timestamp="2020-11-22T23:13:15 EST" skipped="0">
  <testcase classname="com.TestNGsenario.DependsOnMethod" name="BrowserOpen" time="0.006"/>
  <system-out/>
  <testcase classname="com.TestNGsenario.DependsOnMethod" name="BrowserClose" time="0.001"/>
  <system-out/>
</testsuite> <!-- com.TestNGsenario.DependsOnMethod -->
