<?xml version="1.0" encoding="UTF-8"?>
<!-- Generated by org.testng.reporters.JUnitReportReporter -->
<testsuite hostname="FARHAN" failures="0" tests="7" name="com.TestNGsenario.Enable" time="0.011" errors="0" timestamp="2020-12-11T20:37:04 EST" skipped="3">
  <testcase classname="com.TestNGsenario.Enable" name="get2" time="0.001"/>
  <system-out/>
  <testcase classname="com.TestNGsenario.Enable" name="get1" time="0.007"/>
  <system-out/>
  <testcase classname="com.TestNGsenario.Enable" name="get6" time="0.002"/>
  <system-out/>
  <testcase classname="com.TestNGsenario.Enable" name="get3" time="0.001"/>
  <system-out/>
  <testcase classname="com.TestNGsenario.Enable" name="get4">
    <skipped/>
  </testcase> <!-- get4 -->
  <system-out/>
  <testcase classname="com.TestNGsenario.Enable" name="get7">
    <skipped/>
  </testcase> <!-- get7 -->
  <system-out/>
  <testcase classname="com.TestNGsenario.Enable" name="get5">
    <skipped/>
  </testcase> <!-- get5 -->
  <system-out/>
</testsuite> <!-- com.TestNGsenario.Enable -->
