<?xml version="1.0" encoding="UTF-8"?>
<!-- Generated by org.testng.reporters.JUnitReportReporter -->
<testsuite hostname="FARHAN" failures="0" tests="1" name="test.execution.SmokeTestingTestNG" time="2.124" errors="0" timestamp="2020-11-20T02:02:02 EST" skipped="0">
  <testcase classname="test.execution.SmokeTestingTestNG" name="getTest" time="2.124"/>
  <system-out/>
</testsuite> <!-- test.execution.SmokeTestingTestNG -->
