<?xml version="1.0" encoding="UTF-8"?>
<!-- Generated by org.testng.reporters.JUnitReportReporter -->
<testsuite hostname="FARHAN" failures="0" tests="1" name="test.execution.SmokeTestingWithTestng" time="2.750" errors="0" timestamp="2020-11-20T00:49:38 EST" skipped="0">
  <testcase classname="test.execution.SmokeTestingWithTestng" name="getsalary" time="2.750"/>
  <system-out/>
</testsuite> <!-- test.execution.SmokeTestingWithTestng -->
